
> website@0.1.0 build
> npx prisma migrate deploy && npx prisma generate && next build

node.exe : Loaded 
Prisma config from 
prisma.config.ts.
At line:1 char:1
+ & "C:\nvm4w\nodejs/no
de.exe" "C:\nvm4w\nodej
s/node_modules/npm/bin/
np ...
+ ~~~~~~~~~~~~~~~~~~~~~
~~~~~~~~~~~~~~~~~~~~~~~
~~~~~~~~~~~~~~~~~~~~~~~
~~
    + CategoryInfo     
         : 
NotSpecified: (L    
oaded Prisma c...isma  
  .config.ts.:String) 
[    ], RemoteException
    + 
FullyQualifiedError    
Id : NativeCommandErr  
  or
 

Prisma config 
detected, skipping 
environment variable 
loading.
Prisma schema loaded from prisma\schema.prisma
Datasource "db": PostgreSQL database "neondb", schema "public" at "ep-winter-feather-ag3q41gy.c-2.eu-central-1.aws.neon.tech"

5 migrations found in prisma/migrations


No pending migrations to apply.
Loaded Prisma config 
from prisma.config.ts.

Prisma config 
detected, skipping 
environment variable 
loading.
Prisma schema loaded from prisma\schema.prisma
Error: 
EPERM: operation not 
permitted, rename 'C:\U
sers\user\Desktop\websi
te\node_modules\.prisma
\client\query_engine-wi
ndows.dll.node.tmp12996
' -> 'C:\Users\user\Des
ktop\website\node_modul
es\.prisma\client\query
_engine-windows.dll.nod
e'


