ď»ż
> website@0.1.0 build
> npx prisma migrate deploy && npx prisma generate && next build

node.exe : Loaded 
Prisma config from 
prisma.config.ts.
At line:1 char:1
+ & "C:\nvm4w\nodejs/no
de.exe" "C:\nvm4w\nodej
s/node_modules/npm/bin/
np ...
+ ~~~~~~~~~~~~~~~~~~~~~
~~~~~~~~~~~~~~~~~~~~~~~
~~~~~~~~~~~~~~~~~~~~~~~
~~
    + CategoryInfo     
         : 
NotSpecified: (L    
oaded Prisma c...isma  
  .config.ts.:String) 
[    ], RemoteException
    + 
FullyQualifiedError    
Id : NativeCommandErr  
  or
 

Prisma config 
detected, skipping 
environment variable 
loading.
Prisma schema loaded from prisma\schema.prisma
Datasource "db": PostgreSQL database "neondb", schema "public" at "ep-winter-feather-ag3q41gy.c-2.eu-central-1.aws.neon.tech"

5 migrations found in prisma/migrations


No pending migrations to apply.
Loaded Prisma config 
from prisma.config.ts.

Prisma config 
detected, skipping 
environment variable 
loading.
Prisma schema loaded from prisma\schema.prisma

Î“ÂŁĂ¶ Generated Prisma Client (v6.19.2) to .\node_modules\@prisma\client in 342ms

Start by importing your Prisma Client (See: https://pris.ly/d/importing-client)

Tip: Want to turn off tips and other hints? https://pris.ly/tip-4-nohints

Î“Ă»â–“ Next.js 16.1.6 (Turbopack)
- Environments: .env.local, .env

  Creating an optimized production build ...
Î“ÂŁĂ´ Compiled successfully in 18.2s
  Running TypeScript ...
  Collecting page data using 3 workers ...
  Generating static pages using 3 workers (0/49) ...
  Generating static pages using 3 workers (12/49) 
  Generating static pages using 3 workers (24/49) 
  Generating static pages using 3 workers (36/49) 
Î“ÂŁĂ´ Generating static pages using 3 workers (49/49) in 4.9s
  Finalizing page optimization ...

Route (app)
Î“Ă¶Ă® â•žĂ† /
Î“Ă¶ÂŁ Î“ĂąĂŻ /_not-found
Î“Ă¶ÂŁ â•žĂ† /admin
Î“Ă¶ÂŁ Î“ĂąĂŻ /admin-preview
Î“Ă¶ÂŁ â•žĂ† /admin/analytics
Î“Ă¶ÂŁ â•žĂ† /admin/creators
Î“Ă¶ÂŁ â•žĂ† /admin/media-vault
Î“Ă¶ÂŁ â•žĂ† /admin/messages
Î“Ă¶ÂŁ â•žĂ† /admin/models
Î“Ă¶ÂŁ â•žĂ† /api/admin/analytics
Î“Ă¶ÂŁ â•žĂ† /api/admin/conversations
Î“Ă¶ÂŁ â•žĂ† /api/admin/conversations/[id]/messages
Î“Ă¶ÂŁ â•žĂ† /api/admin/conversations/[id]/read
Î“Ă¶ÂŁ â•žĂ† /api/admin/conversations/[id]/subscriber
Î“Ă¶ÂŁ â•žĂ† /api/admin/creators
Î“Ă¶ÂŁ â•žĂ† /api/admin/creators/[id]
Î“Ă¶ÂŁ â•žĂ† /api/admin/creators/[id]/gallery
Î“Ă¶ÂŁ â•žĂ† /api/admin/messages/[id]/hide
Î“Ă¶ÂŁ â•žĂ† /api/auth/claim-admin-invite
Î“Ă¶ÂŁ â•žĂ† /api/auth/forgot-password
Î“Ă¶ÂŁ â•žĂ† /api/auth/login
Î“Ă¶ÂŁ â•žĂ† /api/auth/logout
Î“Ă¶ÂŁ â•žĂ† /api/auth/me
Î“Ă¶ÂŁ â•žĂ† /api/auth/register
Î“Ă¶ÂŁ â•žĂ† /api/auth/resend-otp
Î“Ă¶ÂŁ â•žĂ† /api/auth/socket-token
Î“Ă¶ÂŁ â•žĂ† /api/auth/verify-email
Î“Ă¶ÂŁ â•žĂ† /api/conversations
Î“Ă¶ÂŁ â•žĂ† /api/conversations/[id]
Î“Ă¶ÂŁ â•žĂ† /api/conversations/[id]/messages
Î“Ă¶ÂŁ â•žĂ† /api/conversations/unread-count
Î“Ă¶ÂŁ â•žĂ† /api/creator/conversations
Î“Ă¶ÂŁ â•žĂ† /api/creator/conversations/[id]
Î“Ă¶ÂŁ â•žĂ† /api/creator/conversations/[id]/messages
Î“Ă¶ÂŁ â•žĂ† /api/creator/gallery
Î“Ă¶ÂŁ â•žĂ† /api/creator/gallery/[id]
Î“Ă¶ÂŁ â•žĂ† /api/creators
Î“Ă¶ÂŁ â•žĂ† /api/creators/[username]
Î“Ă¶ÂŁ â•žĂ† /api/creators/[username]/posts
Î“Ă¶ÂŁ â•žĂ† /api/health
Î“Ă¶ÂŁ â•žĂ† /api/models/[slug]
Î“Ă¶ÂŁ â•žĂ† /api/payments
Î“Ă¶ÂŁ â•žĂ† /api/payments/capture
Î“Ă¶ÂŁ â•žĂ† /api/payments/check-unlock
Î“Ă¶ÂŁ â•žĂ† /api/payments/create-order
Î“Ă¶ÂŁ â•žĂ† /api/payments/transactions
Î“Ă¶ÂŁ â•žĂ† /api/payments/webhook
Î“Ă¶ÂŁ â•žĂ† /api/paypal/subscribe
Î“Ă¶ÂŁ â•žĂ† /api/paypal/webhook
Î“Ă¶ÂŁ â•žĂ† /api/posts/[id]/like
Î“Ă¶ÂŁ â•žĂ† /api/run-admin
Î“Ă¶ÂŁ â•žĂ† /api/subscriptions/check
Î“Ă¶ÂŁ â•žĂ† /api/transactions
Î“Ă¶ÂŁ â•žĂ† /api/upload/presign
Î“Ă¶ÂŁ â•žĂ† /creator/dashboard
Î“Ă¶ÂŁ Î“ĂąĂŻ /creators
Î“Ă¶ÂŁ â•žĂ† /creators/[username]
Î“Ă¶ÂŁ â•žĂ† /join-admin
Î“Ă¶ÂŁ â•žĂ† /login
Î“Ă¶ÂŁ â•žĂ† /messages
Î“Ă¶ÂŁ â•žĂ† /premium
Î“Ă¶ÂŁ â•žĂ† /register
Î“Ă¶Ă¶ â•žĂ† /verify-email


Î“ĂąĂŻ  (Static)   prerendered as static content
â•žĂ†  (Dynamic)  server-rendered on demand

